<?xml version="1.0" encoding="UTF-8"?>
<!-- Generated by org.testng.reporters.JUnitReportReporter -->
<testsuite hostname="DESKTOP-TT3UMVU" failures="0" tests="2" name="runner.TestRunner" time="28.738" errors="0" timestamp="2025-08-15T12:25:50 IST" skipped="0">
  <testcase classname="runner.TestRunner" name="runScenario" time="19.067"/>
  <system-out/>
  <testcase classname="runner.TestRunner" name="runScenario" time="9.671"/>
  <system-out/>
</testsuite> <!-- runner.TestRunner -->
