<?xml version="1.0" encoding="UTF-8"?>
<!-- Generated by org.testng.reporters.JUnitReportReporter -->
<testsuite hostname="DESKTOP-TT3UMVU" failures="0" tests="1" name="runner.TestRunner" time="14.087" errors="0" timestamp="2025-05-12T10:01:41 IST" skipped="0">
  <testcase classname="runner.TestRunner" name="runScenario" time="14.087"/>
  <system-out/>
</testsuite> <!-- runner.TestRunner -->
