<?xml version="1.0" encoding="UTF-8"?>
<!-- Generated by org.testng.reporters.JUnitReportReporter -->
<testsuite hostname="DESKTOP-TT3UMVU" failures="0" tests="1" name="runner.TestRunner" time="24.600" errors="0" timestamp="2025-08-15T16:07:52 IST" skipped="0">
  <testcase classname="runner.TestRunner" name="runScenario" time="24.600"/>
  <system-out/>
</testsuite> <!-- runner.TestRunner -->
