<?xml version="1.0" encoding="UTF-8"?>
<!-- Generated by org.testng.reporters.JUnitReportReporter -->
<testsuite hostname="DESKTOP-TT3UMVU" failures="0" tests="2" name="runner.TestRunnerFirefox" time="17.365" errors="1" timestamp="2025-06-22T20:25:28 IST" skipped="0">
  <testcase classname="runner.TestRunnerFirefox" name="runScenario" time="0.023">
    <error message="Cannot invoke &quot;String.equalsIgnoreCase(String)&quot; because &quot;BrowserType&quot; is null" type="java.lang.NullPointerException">
      <![CDATA[java.lang.NullPointerException: Cannot invoke "String.equalsIgnoreCase(String)" because "BrowserType" is null
at baseclass.BaseClass.launchApp(BaseClass.java:74)
at hooks.Hooks.setUp(Hooks.java:78)
]]>
    </error>
  </testcase> <!-- runScenario -->
  <system-out/>
  <testcase classname="runner.TestRunnerFirefox" name="runScenario" time="17.342"/>
  <system-out/>
</testsuite> <!-- runner.TestRunnerFirefox -->
