<?xml version="1.0" encoding="UTF-8"?>
<!-- Generated by org.testng.reporters.JUnitReportReporter -->
<testsuite hostname="DESKTOP-TT3UMVU" failures="0" tests="2" name="runner.TestRunner" time="27.106" errors="0" timestamp="2025-08-12T10:39:42 IST" skipped="0">
  <testcase classname="runner.TestRunner" name="runScenario" time="9.909"/>
  <system-out/>
  <testcase classname="runner.TestRunner" name="runScenario" time="17.197"/>
  <system-out/>
</testsuite> <!-- runner.TestRunner -->
